2022-11-30 09:21:18.982  INFO 13688 --- [restartedMain] com.ts.blog.BlogApplication              : Starting BlogApplication on DESKTOP-2VRDEJT with PID 13688 (F:\tsCode\TsBlog\TsBlog\target\classes started by 25157 in F:\tsCode\TsBlog)
2022-11-30 09:21:18.984 DEBUG 13688 --- [restartedMain] com.ts.blog.BlogApplication              : Running with Spring Boot v2.2.6.RELEASE, Spring v5.2.5.RELEASE
2022-11-30 09:21:18.984  INFO 13688 --- [restartedMain] com.ts.blog.BlogApplication              : The following profiles are active: dev
2022-11-30 09:21:19.011  INFO 13688 --- [restartedMain] o.s.b.devtools.restart.ChangeableUrls    : The Class-Path manifest attribute in F:\ali_repo\org\glassfish\jaxb\jaxb-runtime\2.3.2\jaxb-runtime-2.3.2.jar referenced one or more files that do not exist: file:/F:/ali_repo/org/glassfish/jaxb/jaxb-runtime/2.3.2/jakarta.xml.bind-api-2.3.2.jar,file:/F:/ali_repo/org/glassfish/jaxb/jaxb-runtime/2.3.2/txw2-2.3.2.jar,file:/F:/ali_repo/org/glassfish/jaxb/jaxb-runtime/2.3.2/istack-commons-runtime-3.0.8.jar,file:/F:/ali_repo/org/glassfish/jaxb/jaxb-runtime/2.3.2/stax-ex-1.8.1.jar,file:/F:/ali_repo/org/glassfish/jaxb/jaxb-runtime/2.3.2/FastInfoset-1.2.16.jar,file:/F:/ali_repo/org/glassfish/jaxb/jaxb-runtime/2.3.2/jakarta.activation-api-1.2.1.jar
2022-11-30 09:21:19.011  INFO 13688 --- [restartedMain] .e.DevToolsPropertyDefaultsPostProcessor : Devtools property defaults active! Set 'spring.devtools.add-properties' to 'false' to disable
2022-11-30 09:21:19.012  INFO 13688 --- [restartedMain] .e.DevToolsPropertyDefaultsPostProcessor : For additional web related logging consider setting the 'logging.level.web' property to 'DEBUG'
2022-11-30 09:21:19.516  INFO 13688 --- [restartedMain] .s.d.r.c.RepositoryConfigurationDelegate : Multiple Spring Data modules found, entering strict repository configuration mode!
2022-11-30 09:21:19.517  INFO 13688 --- [restartedMain] .s.d.r.c.RepositoryConfigurationDelegate : Bootstrapping Spring Data Elasticsearch repositories in DEFAULT mode.
2022-11-30 09:21:19.537  INFO 13688 --- [restartedMain] .RepositoryConfigurationExtensionSupport : Spring Data Elasticsearch - Could not safely identify store assignment for repository candidate interface com.ts.blog.dao.BlogRepository. If you want this repository to be a Elasticsearch repository, consider annotating your entities with one of these annotations: org.springframework.data.elasticsearch.annotations.Document (preferred), or consider extending one of the following types with your repository: org.springframework.data.elasticsearch.repository.ElasticsearchRepository, org.springframework.data.elasticsearch.repository.ElasticsearchCrudRepository.
2022-11-30 09:21:19.538  INFO 13688 --- [restartedMain] .RepositoryConfigurationExtensionSupport : Spring Data Elasticsearch - Could not safely identify store assignment for repository candidate interface com.ts.blog.dao.CommentRepository. If you want this repository to be a Elasticsearch repository, consider annotating your entities with one of these annotations: org.springframework.data.elasticsearch.annotations.Document (preferred), or consider extending one of the following types with your repository: org.springframework.data.elasticsearch.repository.ElasticsearchRepository, org.springframework.data.elasticsearch.repository.ElasticsearchCrudRepository.
2022-11-30 09:21:19.539  INFO 13688 --- [restartedMain] .RepositoryConfigurationExtensionSupport : Spring Data Elasticsearch - Could not safely identify store assignment for repository candidate interface com.ts.blog.dao.TagRepository. If you want this repository to be a Elasticsearch repository, consider annotating your entities with one of these annotations: org.springframework.data.elasticsearch.annotations.Document (preferred), or consider extending one of the following types with your repository: org.springframework.data.elasticsearch.repository.ElasticsearchRepository, org.springframework.data.elasticsearch.repository.ElasticsearchCrudRepository.
2022-11-30 09:21:19.539  INFO 13688 --- [restartedMain] .RepositoryConfigurationExtensionSupport : Spring Data Elasticsearch - Could not safely identify store assignment for repository candidate interface com.ts.blog.dao.TypeRepository. If you want this repository to be a Elasticsearch repository, consider annotating your entities with one of these annotations: org.springframework.data.elasticsearch.annotations.Document (preferred), or consider extending one of the following types with your repository: org.springframework.data.elasticsearch.repository.ElasticsearchRepository, org.springframework.data.elasticsearch.repository.ElasticsearchCrudRepository.
2022-11-30 09:21:19.540  INFO 13688 --- [restartedMain] .RepositoryConfigurationExtensionSupport : Spring Data Elasticsearch - Could not safely identify store assignment for repository candidate interface com.ts.blog.dao.UserRepository. If you want this repository to be a Elasticsearch repository, consider annotating your entities with one of these annotations: org.springframework.data.elasticsearch.annotations.Document (preferred), or consider extending one of the following types with your repository: org.springframework.data.elasticsearch.repository.ElasticsearchRepository, org.springframework.data.elasticsearch.repository.ElasticsearchCrudRepository.
2022-11-30 09:21:19.540  INFO 13688 --- [restartedMain] .s.d.r.c.RepositoryConfigurationDelegate : Finished Spring Data repository scanning in 20ms. Found 0 Elasticsearch repository interfaces.
2022-11-30 09:21:19.543  INFO 13688 --- [restartedMain] .s.d.r.c.RepositoryConfigurationDelegate : Multiple Spring Data modules found, entering strict repository configuration mode!
2022-11-30 09:21:19.544  INFO 13688 --- [restartedMain] .s.d.r.c.RepositoryConfigurationDelegate : Bootstrapping Spring Data Reactive Elasticsearch repositories in DEFAULT mode.
2022-11-30 09:21:19.546  INFO 13688 --- [restartedMain] .RepositoryConfigurationExtensionSupport : Spring Data Reactive Elasticsearch - Could not safely identify store assignment for repository candidate interface com.ts.blog.dao.BlogRepository. If you want this repository to be a Reactive Elasticsearch repository, consider annotating your entities with one of these annotations: org.springframework.data.elasticsearch.annotations.Document (preferred), or consider extending one of the following types with your repository: org.springframework.data.elasticsearch.repository.ReactiveElasticsearchRepository.
2022-11-30 09:21:19.547  INFO 13688 --- [restartedMain] .RepositoryConfigurationExtensionSupport : Spring Data Reactive Elasticsearch - Could not safely identify store assignment for repository candidate interface com.ts.blog.dao.CommentRepository. If you want this repository to be a Reactive Elasticsearch repository, consider annotating your entities with one of these annotations: org.springframework.data.elasticsearch.annotations.Document (preferred), or consider extending one of the following types with your repository: org.springframework.data.elasticsearch.repository.ReactiveElasticsearchRepository.
2022-11-30 09:21:19.547  INFO 13688 --- [restartedMain] .RepositoryConfigurationExtensionSupport : Spring Data Reactive Elasticsearch - Could not safely identify store assignment for repository candidate interface com.ts.blog.dao.TagRepository. If you want this repository to be a Reactive Elasticsearch repository, consider annotating your entities with one of these annotations: org.springframework.data.elasticsearch.annotations.Document (preferred), or consider extending one of the following types with your repository: org.springframework.data.elasticsearch.repository.ReactiveElasticsearchRepository.
2022-11-30 09:21:19.547  INFO 13688 --- [restartedMain] .RepositoryConfigurationExtensionSupport : Spring Data Reactive Elasticsearch - Could not safely identify store assignment for repository candidate interface com.ts.blog.dao.TypeRepository. If you want this repository to be a Reactive Elasticsearch repository, consider annotating your entities with one of these annotations: org.springframework.data.elasticsearch.annotations.Document (preferred), or consider extending one of the following types with your repository: org.springframework.data.elasticsearch.repository.ReactiveElasticsearchRepository.
2022-11-30 09:21:19.548  INFO 13688 --- [restartedMain] .RepositoryConfigurationExtensionSupport : Spring Data Reactive Elasticsearch - Could not safely identify store assignment for repository candidate interface com.ts.blog.dao.UserRepository. If you want this repository to be a Reactive Elasticsearch repository, consider annotating your entities with one of these annotations: org.springframework.data.elasticsearch.annotations.Document (preferred), or consider extending one of the following types with your repository: org.springframework.data.elasticsearch.repository.ReactiveElasticsearchRepository.
2022-11-30 09:21:19.548  INFO 13688 --- [restartedMain] .s.d.r.c.RepositoryConfigurationDelegate : Finished Spring Data repository scanning in 4ms. Found 0 Reactive Elasticsearch repository interfaces.
2022-11-30 09:21:19.553  INFO 13688 --- [restartedMain] .s.d.r.c.RepositoryConfigurationDelegate : Multiple Spring Data modules found, entering strict repository configuration mode!
2022-11-30 09:21:19.553  INFO 13688 --- [restartedMain] .s.d.r.c.RepositoryConfigurationDelegate : Bootstrapping Spring Data JPA repositories in DEFAULT mode.
2022-11-30 09:21:19.584  INFO 13688 --- [restartedMain] .s.d.r.c.RepositoryConfigurationDelegate : Finished Spring Data repository scanning in 28ms. Found 5 JPA repository interfaces.
2022-11-30 09:21:19.594  INFO 13688 --- [restartedMain] .s.d.r.c.RepositoryConfigurationDelegate : Multiple Spring Data modules found, entering strict repository configuration mode!
2022-11-30 09:21:19.595  INFO 13688 --- [restartedMain] .s.d.r.c.RepositoryConfigurationDelegate : Bootstrapping Spring Data Redis repositories in DEFAULT mode.
2022-11-30 09:21:19.603  INFO 13688 --- [restartedMain] .RepositoryConfigurationExtensionSupport : Spring Data Redis - Could not safely identify store assignment for repository candidate interface com.ts.blog.dao.BlogRepository. If you want this repository to be a Redis repository, consider annotating your entities with one of these annotations: org.springframework.data.redis.core.RedisHash (preferred), or consider extending one of the following types with your repository: org.springframework.data.keyvalue.repository.KeyValueRepository.
2022-11-30 09:21:19.603  INFO 13688 --- [restartedMain] .RepositoryConfigurationExtensionSupport : Spring Data Redis - Could not safely identify store assignment for repository candidate interface com.ts.blog.dao.CommentRepository. If you want this repository to be a Redis repository, consider annotating your entities with one of these annotations: org.springframework.data.redis.core.RedisHash (preferred), or consider extending one of the following types with your repository: org.springframework.data.keyvalue.repository.KeyValueRepository.
2022-11-30 09:21:19.603  INFO 13688 --- [restartedMain] .RepositoryConfigurationExtensionSupport : Spring Data Redis - Could not safely identify store assignment for repository candidate interface com.ts.blog.dao.TagRepository. If you want this repository to be a Redis repository, consider annotating your entities with one of these annotations: org.springframework.data.redis.core.RedisHash (preferred), or consider extending one of the following types with your repository: org.springframework.data.keyvalue.repository.KeyValueRepository.
2022-11-30 09:21:19.603  INFO 13688 --- [restartedMain] .RepositoryConfigurationExtensionSupport : Spring Data Redis - Could not safely identify store assignment for repository candidate interface com.ts.blog.dao.TypeRepository. If you want this repository to be a Redis repository, consider annotating your entities with one of these annotations: org.springframework.data.redis.core.RedisHash (preferred), or consider extending one of the following types with your repository: org.springframework.data.keyvalue.repository.KeyValueRepository.
2022-11-30 09:21:19.603  INFO 13688 --- [restartedMain] .RepositoryConfigurationExtensionSupport : Spring Data Redis - Could not safely identify store assignment for repository candidate interface com.ts.blog.dao.UserRepository. If you want this repository to be a Redis repository, consider annotating your entities with one of these annotations: org.springframework.data.redis.core.RedisHash (preferred), or consider extending one of the following types with your repository: org.springframework.data.keyvalue.repository.KeyValueRepository.
2022-11-30 09:21:19.604  INFO 13688 --- [restartedMain] .s.d.r.c.RepositoryConfigurationDelegate : Finished Spring Data repository scanning in 3ms. Found 0 Redis repository interfaces.
2022-11-30 09:21:19.684  WARN 13688 --- [restartedMain] o.m.s.mapper.ClassPathMapperScanner      : No MyBatis mapper was found in '[com.ts.blog]' package. Please check your configuration.
2022-11-30 09:21:20.122  INFO 13688 --- [restartedMain] o.s.b.w.embedded.tomcat.TomcatWebServer  : Tomcat initialized with port(s): 8080 (http)
2022-11-30 09:21:20.128  INFO 13688 --- [restartedMain] o.apache.catalina.core.StandardService   : Starting service [Tomcat]
2022-11-30 09:21:20.129  INFO 13688 --- [restartedMain] org.apache.catalina.core.StandardEngine  : Starting Servlet engine: [Apache Tomcat/9.0.33]
2022-11-30 09:21:20.188  INFO 13688 --- [restartedMain] o.a.c.c.C.[Tomcat].[localhost].[/]       : Initializing Spring embedded WebApplicationContext
2022-11-30 09:21:20.188  INFO 13688 --- [restartedMain] o.s.web.context.ContextLoader            : Root WebApplicationContext: initialization completed in 1176 ms
2022-11-30 09:21:20.339  INFO 13688 --- [restartedMain] o.hibernate.jpa.internal.util.LogHelper  : HHH000204: Processing PersistenceUnitInfo [name: default]
2022-11-30 09:21:20.378  INFO 13688 --- [restartedMain] org.hibernate.Version                    : HHH000412: Hibernate ORM core version 5.4.12.Final
2022-11-30 09:21:20.449  INFO 13688 --- [restartedMain] o.hibernate.annotations.common.Version   : HCANN000001: Hibernate Commons Annotations {5.1.0.Final}
2022-11-30 09:21:20.533  INFO 13688 --- [restartedMain] com.alibaba.druid.pool.DruidDataSource   : {dataSource-1} inited
2022-11-30 09:21:20.628  INFO 13688 --- [restartedMain] org.hibernate.dialect.Dialect            : HHH000400: Using dialect: org.hibernate.dialect.MySQL5Dialect
2022-11-30 09:21:21.112  INFO 13688 --- [restartedMain] o.h.e.t.j.p.i.JtaPlatformInitiator       : HHH000490: Using JtaPlatform implementation: [org.hibernate.engine.transaction.jta.platform.internal.NoJtaPlatform]
2022-11-30 09:21:21.117  INFO 13688 --- [restartedMain] j.LocalContainerEntityManagerFactoryBean : Initialized JPA EntityManagerFactory for persistence unit 'default'
2022-11-30 09:21:21.152  INFO 13688 --- [restartedMain] o.s.b.d.a.OptionalLiveReloadServer       : LiveReload server is running on port 35729
2022-11-30 09:21:21.766  WARN 13688 --- [restartedMain] JpaBaseConfiguration$JpaWebConfiguration : spring.jpa.open-in-view is enabled by default. Therefore, database queries may be performed during view rendering. Explicitly configure spring.jpa.open-in-view to disable this warning
2022-11-30 09:21:21.789  WARN 13688 --- [restartedMain] o.s.b.a.web.format.WebConversionService  : Auto-configuration of Joda-Time formatters is deprecated in favor of using java.time (JSR-310).
2022-11-30 09:21:21.898  INFO 13688 --- [restartedMain] o.s.s.concurrent.ThreadPoolTaskExecutor  : Initializing ExecutorService 'applicationTaskExecutor'
2022-11-30 09:21:21.959  INFO 13688 --- [restartedMain] o.s.b.a.w.s.WelcomePageHandlerMapping    : Adding welcome page template: index
2022-11-30 09:21:22.826  INFO 13688 --- [restartedMain] o.s.b.w.embedded.tomcat.TomcatWebServer  : Tomcat started on port(s): 8080 (http) with context path ''
2022-11-30 09:21:22.828  INFO 13688 --- [restartedMain] com.ts.blog.BlogApplication              : Started BlogApplication in 4.116 seconds (JVM running for 4.779)
2022-11-30 09:46:25.879  INFO 13688 --- [http-nio-8080-exec-1] o.a.c.c.C.[Tomcat].[localhost].[/]       : Initializing Spring DispatcherServlet 'dispatcherServlet'
2022-11-30 09:46:25.879  INFO 13688 --- [http-nio-8080-exec-1] o.s.web.servlet.DispatcherServlet        : Initializing Servlet 'dispatcherServlet'
2022-11-30 09:46:25.887  INFO 13688 --- [http-nio-8080-exec-1] o.s.web.servlet.DispatcherServlet        : Completed initialization in 7 ms
2022-11-30 09:46:25.909  INFO 13688 --- [http-nio-8080-exec-1] com.ts.blog.aspect.LogAspect             : -----------------doBefore---------------------
2022-11-30 09:46:25.909  INFO 13688 --- [http-nio-8080-exec-1] com.ts.blog.aspect.LogAspect             : Request : RequestLog{url='http://localhost:8080/about', ip='0:0:0:0:0:0:0:1', classMethod='com.ts.blog.controller.AboutShowController.about', args=[]} 
2022-11-30 09:46:25.912  INFO 13688 --- [http-nio-8080-exec-1] com.ts.blog.aspect.LogAspect             : -----------------doAfter---------------------
2022-11-30 09:46:25.912  INFO 13688 --- [http-nio-8080-exec-1] com.ts.blog.aspect.LogAspect             : -----------------doAfterReturn---------------------
2022-11-30 09:46:25.912  INFO 13688 --- [http-nio-8080-exec-1] com.ts.blog.aspect.LogAspect             : Result : about
2022-11-30 09:46:26.348  INFO 13688 --- [http-nio-8080-exec-7] com.ts.blog.aspect.LogAspect             : -----------------doBefore---------------------
2022-11-30 09:46:26.348  INFO 13688 --- [http-nio-8080-exec-7] com.ts.blog.aspect.LogAspect             : Request : RequestLog{url='http://localhost:8080/footer/newblog', ip='0:0:0:0:0:0:0:1', classMethod='com.ts.blog.controller.IndexController.newblogs', args=[{}]} 
2022-11-30 09:46:26.400  INFO 13688 --- [http-nio-8080-exec-7] com.ts.blog.aspect.LogAspect             : -----------------doAfter---------------------
2022-11-30 09:46:26.400  INFO 13688 --- [http-nio-8080-exec-7] com.ts.blog.aspect.LogAspect             : -----------------doAfterReturn---------------------
2022-11-30 09:46:26.400  INFO 13688 --- [http-nio-8080-exec-7] com.ts.blog.aspect.LogAspect             : Result : _fragments :: newblogList
